time="2024-08-21T16:38:44+03:00" level=info msg="create router" func="main.main()" file="app.go:20"
time="2024-08-21T16:38:44+03:00" level=info msg="read application configuraion" func="github.com/VadimShara/rest-api-first/internal/config.GetConfig.func1()" file="config.go:25"
time="2024-08-21T16:38:44+03:00" level=info func="github.com/VadimShara/rest-api-first/internal/config.GetConfig.func1()" file="config.go:29"
time="2024-08-21T16:38:44+03:00" level=fatal msg="open config.yml: The system cannot find the file specified." func="github.com/VadimShara/rest-api-first/internal/config.GetConfig.func1()" file="config.go:30"
time="2024-08-21T17:16:54+03:00" level=info msg="create router" func="main.main()" file="app.go:20"
time="2024-08-21T17:16:54+03:00" level=info msg="read application configuraion" func="github.com/VadimShara/rest-api-first/internal/config.GetConfig.func1()" file="config.go:25"
time="2024-08-21T17:18:46+03:00" level=info msg="create router" func="main.main()" file="app.go:20"
time="2024-08-21T17:18:46+03:00" level=info msg="read application configuraion" func="github.com/VadimShara/rest-api-first/internal/config.GetConfig.func1()" file="config.go:25"
time="2024-08-21T17:19:13+03:00" level=info msg="create router" func="main.main()" file="app.go:20"
time="2024-08-21T17:19:13+03:00" level=info msg="read application configuraion" func="github.com/VadimShara/rest-api-first/internal/config.GetConfig.func1()" file="config.go:25"
time="2024-08-21T17:19:13+03:00" level=info msg="register user handler" func="main.main()" file="app.go:25"
time="2024-08-21T17:19:13+03:00" level=info msg="start application" func="main.start()" file="app.go:34"
time="2024-08-21T17:19:13+03:00" level=info msg="listen tcp" func="main.start()" file="app.go:52"
time="2024-08-21T17:19:13+03:00" level=info msg="server is listening port 0.0.0.0:10000" func="main.start()" file="app.go:54"
time="2024-08-21T17:28:38+03:00" level=info msg="create router" func="main.main()" file="app.go:20"
time="2024-08-21T17:28:38+03:00" level=info msg="read application configuraion" func="github.com/VadimShara/rest-api-first/internal/config.GetConfig.func1()" file="config.go:25"
time="2024-08-21T17:28:38+03:00" level=info msg="register user handler" func="main.main()" file="app.go:25"
time="2024-08-21T17:28:38+03:00" level=info msg="start application" func="main.start()" file="app.go:34"
time="2024-08-21T17:28:38+03:00" level=info msg="detect app path" func="main.start()" file="app.go:40"
time="2024-08-21T17:28:38+03:00" level=info msg="create socket" func="main.start()" file="app.go:45"
time="2024-08-21T17:28:38+03:00" level=info msg="listen unix socket" func="main.start()" file="app.go:48"
time="2024-08-21T17:28:38+03:00" level=info msg="server is listening unix socket: C:\\Users\\vadim\\AppData\\Local\\Temp\\go-build1040550147\\b001\\exe/app.sock" func="main.start()" file="app.go:50"
